Using pre-set license
Built from '2020.3/staging' branch; Version is '2020.3.9f1 (108be757e447) revision 1084391'; Using compiler version '192528614'; Build Type 'Release'
OS: 'Windows 10 Pro; OS build 19042.1288; Version 2009; 64bit' Language: 'tr' Physical Memory: 15741 MB
BatchMode: 1, IsHumanControllingUs: 0, StartBugReporterOnCrash: 0, Is64bit: 1, IsPro: 0

 COMMAND LINE ARGUMENTS:
C:\Program Files\Unity\Hub\Editor\2020.3.9f1\Editor\Unity.exe
-adb2
-batchMode
-noUpm
-name
AssetImportWorker0
-projectPath
C:/Users/Ali/Desktop/NinjaDemo
-logFile
Logs/AssetImportWorker0.log
-srvPort
65102
Successfully changed project path to: C:/Users/Ali/Desktop/NinjaDemo
C:/Users/Ali/Desktop/NinjaDemo
Using Asset Import Pipeline V2.
Refreshing native plugins compatible for Editor in 21.04 ms, found 0 plugins.
Preloading 0 native plugins for Editor in 0.00 ms.
Initialize engine version: 2020.3.9f1 (108be757e447)
[Subsystems] Discovering subsystems at path C:/Program Files/Unity/Hub/Editor/2020.3.9f1/Editor/Data/Resources/UnitySubsystems
[Subsystems] Discovering subsystems at path C:/Users/Ali/Desktop/NinjaDemo/Assets
GfxDevice: creating device client; threaded=0
Direct3D:
    Version:  Direct3D 11.0 [level 11.1]
    Renderer: NVIDIA GeForce GTX 1650 Ti (ID=0x1f95)
    Vendor:   
    VRAM:     3962 MB
    Driver:   27.21.14.5749
Initialize mono
Mono path[0] = 'C:/Program Files/Unity/Hub/Editor/2020.3.9f1/Editor/Data/Managed'
Mono path[1] = 'C:/Program Files/Unity/Hub/Editor/2020.3.9f1/Editor/Data/MonoBleedingEdge/lib/mono/unityjit'
Mono config path = 'C:/Program Files/Unity/Hub/Editor/2020.3.9f1/Editor/Data/MonoBleedingEdge/etc'
Using monoOptions --debugger-agent=transport=dt_socket,embedding=1,server=y,suspend=n,address=127.0.0.1:56876
Begin MonoManager ReloadAssembly
Registering precompiled unity dll's ...
Register platform support module: C:/Program Files/Unity/Hub/Editor/2020.3.9f1/Editor/Data/PlaybackEngines/WebGLSupport/UnityEditor.WebGL.Extensions.dll
Register platform support module: C:/Program Files/Unity/Hub/Editor/2020.3.9f1/Editor/Data/PlaybackEngines/WindowsStandaloneSupport/UnityEditor.WindowsStandalone.Extensions.dll
Registered in 0.001773 seconds.
Native extension for WindowsStandalone target not found
Native extension for WebGL target not found
Refreshing native plugins compatible for Editor in 32.10 ms, found 0 plugins.
Preloading 0 native plugins for Editor in 0.00 ms.
Mono: successfully reloaded assembly
- Completed reload, in  1.888 seconds
Platform modules already initialized, skipping
Registering precompiled user dll's ...
Registered in 0.000616 seconds.
Begin MonoManager ReloadAssembly
Native extension for WindowsStandalone target not found
Native extension for WebGL target not found
Refreshing native plugins compatible for Editor in 0.23 ms, found 0 plugins.
Preloading 0 native plugins for Editor in 0.00 ms.
Mono: successfully reloaded assembly
- Completed reload, in  0.777 seconds
Platform modules already initialized, skipping
========================================================================
Worker process is ready to serve import requests
Launched and connected shader compiler UnityShaderCompiler.exe after 0.04 seconds
Refreshing native plugins compatible for Editor in 0.22 ms, found 0 plugins.
Preloading 0 native plugins for Editor in 0.00 ms.
Unloading 1159 Unused Serialized files (Serialized files now loaded: 0)
System memory in use before: 58.7 MB.
System memory in use after: 58.8 MB.

Unloading 9 unused Assets to reduce memory usage. Loaded Objects now: 1603.
Total: 1.654800 ms (FindLiveObjects: 0.178700 ms CreateObjectMapping: 0.047400 ms MarkObjects: 1.363900 ms  DeleteObjects: 0.063300 ms)

========================================================================
Received Import Request.
  path: Assets/swordPlay/Sword And Shield Attack 1.controller
  artifactKey: Guid(0ea55d8f139b9f0439452cbd0ba67220) Importer(815301076,1909f56bfc062723c751e8b465ee728b)
Start importing Assets/swordPlay/Sword And Shield Attack 1.controller using Guid(0ea55d8f139b9f0439452cbd0ba67220) Importer(815301076,1909f56bfc062723c751e8b465ee728b)  -> (artifact id: 'ece977a71820e61515548260ae078bda') in 0.031809 seconds
  Import took 0.033970 seconds .

========================================================================
Received Import Request.
  Time since last request: 24.288952 seconds.
  path: Assets/swordPlay/fx/slash/Slash_02a
  artifactKey: Guid(9529c2bc34d8c1d439651b2205d181fa) Importer(815301076,1909f56bfc062723c751e8b465ee728b)
Start importing Assets/swordPlay/fx/slash/Slash_02a using Guid(9529c2bc34d8c1d439651b2205d181fa) Importer(815301076,1909f56bfc062723c751e8b465ee728b)  -> (artifact id: 'b12e7ac7e34ff5b445f53814d128bc32') in 0.027808 seconds
  Import took 0.029571 seconds .

========================================================================
Received Import Request.
  Time since last request: 0.294446 seconds.
  path: Assets/swordPlay/fx/slash/Slash_02a/Slash_02a.prefab
  artifactKey: Guid(ca526d061070d5a4bad99837be417975) Importer(815301076,1909f56bfc062723c751e8b465ee728b)
Start importing Assets/swordPlay/fx/slash/Slash_02a/Slash_02a.prefab using Guid(ca526d061070d5a4bad99837be417975) Importer(815301076,1909f56bfc062723c751e8b465ee728b)  -> (artifact id: 'a8dfe157d97e4fd3f5d14b56d807c599') in 0.105846 seconds
  Import took 0.107711 seconds .

========================================================================
Received Import Request.
  Time since last request: 0.000233 seconds.
  path: Assets/swordPlay/fx/slash/Slash_02a/swordTrail_VertexColor.mat
  artifactKey: Guid(7ebf0b1810e739647b8498a2ca31277b) Importer(815301076,1909f56bfc062723c751e8b465ee728b)
Start importing Assets/swordPlay/fx/slash/Slash_02a/swordTrail_VertexColor.mat using Guid(7ebf0b1810e739647b8498a2ca31277b) Importer(815301076,1909f56bfc062723c751e8b465ee728b)  -> (artifact id: '1bb2a139c19efa3e7f1515654dfcf59c') in 0.044814 seconds
  Import took 0.046768 seconds .

========================================================================
Received Import Request.
  Time since last request: 32.746487 seconds.
  path: Assets/swordPlay/trail_arc_renderer/TimedTrailRenderer.cs
  artifactKey: Guid(3c641e43058d8e543a6e7e864f146813) Importer(815301076,1909f56bfc062723c751e8b465ee728b)
Start importing Assets/swordPlay/trail_arc_renderer/TimedTrailRenderer.cs using Guid(3c641e43058d8e543a6e7e864f146813) Importer(815301076,1909f56bfc062723c751e8b465ee728b)  -> (artifact id: '6c5effd2937c37886659f6c05ff8c6ab') in 0.015061 seconds
  Import took 0.017898 seconds .

========================================================================
Received Import Request.
  Time since last request: 183.131973 seconds.
  path: Assets/swordPlay/SK_Stick_01a/Blend_8Way_source/Blend_8Way.controller
  artifactKey: Guid(7c34b92dbdbc5064abf86865e38de5b6) Importer(815301076,1909f56bfc062723c751e8b465ee728b)
Start importing Assets/swordPlay/SK_Stick_01a/Blend_8Way_source/Blend_8Way.controller using Guid(7c34b92dbdbc5064abf86865e38de5b6) Importer(815301076,1909f56bfc062723c751e8b465ee728b)  -> (artifact id: 'd5e3ad94ecf61d6f3e02f1ad91a342f4') in 0.011955 seconds
  Import took 0.015211 seconds .

========================================================================
Received Import Request.
  Time since last request: 0.001492 seconds.
  path: Assets/swordPlay/SK_Stick_01a/Blend_8Way_source/Blend_8Way.controller
  artifactKey: Guid(7c34b92dbdbc5064abf86865e38de5b6) Importer(815301076,1909f56bfc062723c751e8b465ee728b)
Start importing Assets/swordPlay/SK_Stick_01a/Blend_8Way_source/Blend_8Way.controller using Guid(7c34b92dbdbc5064abf86865e38de5b6) Importer(815301076,1909f56bfc062723c751e8b465ee728b)  -> (artifact id: 'd5e3ad94ecf61d6f3e02f1ad91a342f4') in 0.006327 seconds
  Import took 0.008484 seconds .

========================================================================
Received Import Request.
  Time since last request: 1.113274 seconds.
  path: Assets/swordPlay/SK_Stick_01a/Blend_8Way_source/StickMan_01a_8Way_1 (1).controller
  artifactKey: Guid(d08361892645f5b4faacfcc5c1325dd8) Importer(815301076,1909f56bfc062723c751e8b465ee728b)
Start importing Assets/swordPlay/SK_Stick_01a/Blend_8Way_source/StickMan_01a_8Way_1 (1).controller using Guid(d08361892645f5b4faacfcc5c1325dd8) Importer(815301076,1909f56bfc062723c751e8b465ee728b)  -> (artifact id: 'fc078301c652bbdf066d593364ed8c00') in 0.009601 seconds
  Import took 0.011944 seconds .

========================================================================
Received Import Request.
  Time since last request: 0.003582 seconds.
  path: Assets/swordPlay/SK_Stick_01a/Blend_8Way_source/StickMan_01a_8Way_1 (1).controller
  artifactKey: Guid(d08361892645f5b4faacfcc5c1325dd8) Importer(815301076,1909f56bfc062723c751e8b465ee728b)
Start importing Assets/swordPlay/SK_Stick_01a/Blend_8Way_source/StickMan_01a_8Way_1 (1).controller using Guid(d08361892645f5b4faacfcc5c1325dd8) Importer(815301076,1909f56bfc062723c751e8b465ee728b)  -> (artifact id: 'fc078301c652bbdf066d593364ed8c00') in 0.005158 seconds
  Import took 0.007465 seconds .

========================================================================
Received Import Request.
  Time since last request: 1.735013 seconds.
  path: Assets/swordPlay/SK_Stick_01a/Blend_8Way_source/StickMan_01a_8Way_1.controller
  artifactKey: Guid(33c2d923158fa294c87c1ed1cc31452f) Importer(815301076,1909f56bfc062723c751e8b465ee728b)
Start importing Assets/swordPlay/SK_Stick_01a/Blend_8Way_source/StickMan_01a_8Way_1.controller using Guid(33c2d923158fa294c87c1ed1cc31452f) Importer(815301076,1909f56bfc062723c751e8b465ee728b)  -> (artifact id: 'ac1af8ad612e5cc78b68c93ff9577e6d') in 0.009200 seconds
  Import took 0.012435 seconds .

========================================================================
Received Import Request.
  Time since last request: 0.003252 seconds.
  path: Assets/swordPlay/SK_Stick_01a/Blend_8Way_source/StickMan_01a_8Way_1.controller
  artifactKey: Guid(33c2d923158fa294c87c1ed1cc31452f) Importer(815301076,1909f56bfc062723c751e8b465ee728b)
Start importing Assets/swordPlay/SK_Stick_01a/Blend_8Way_source/StickMan_01a_8Way_1.controller using Guid(33c2d923158fa294c87c1ed1cc31452f) Importer(815301076,1909f56bfc062723c751e8b465ee728b)  -> (artifact id: 'ac1af8ad612e5cc78b68c93ff9577e6d') in 0.004954 seconds
  Import took 0.007152 seconds .

========================================================================
Received Prepare
Registering precompiled user dll's ...
Registered in 0.000608 seconds.
Begin MonoManager ReloadAssembly
Native extension for WindowsStandalone target not found
Native extension for WebGL target not found
Refreshing native plugins compatible for Editor in 0.24 ms, found 0 plugins.
Preloading 0 native plugins for Editor in 0.00 ms.
Mono: successfully reloaded assembly
- Completed reload, in  0.668 seconds
Platform modules already initialized, skipping
Refreshing native plugins compatible for Editor in 0.23 ms, found 0 plugins.
Preloading 0 native plugins for Editor in 0.00 ms.
Unloading 1154 Unused Serialized files (Serialized files now loaded: 0)
System memory in use before: 62.0 MB.
System memory in use after: 62.1 MB.

Unloading 5 unused Assets to reduce memory usage. Loaded Objects now: 1646.
Total: 1.693300 ms (FindLiveObjects: 0.158400 ms CreateObjectMapping: 0.030600 ms MarkObjects: 1.451100 ms  DeleteObjects: 0.051600 ms)

========================================================================
Received Import Request.
  Time since last request: 427.944469 seconds.
  path: Assets/swordPlay/fx/hit/SwingAnimation.anim
  artifactKey: Guid(a50396dadc828614a9ee0c193a218712) Importer(815301076,1909f56bfc062723c751e8b465ee728b)
Start importing Assets/swordPlay/fx/hit/SwingAnimation.anim using Guid(a50396dadc828614a9ee0c193a218712) Importer(815301076,1909f56bfc062723c751e8b465ee728b)  -> (artifact id: '00000000000000000000000000000000') in 0.002510 seconds
  ERROR: Build asset version error: assets/swordplay/fx/hit/swinganimation.anim in SourceAssetDB has modification time of '2021-10-29T16:21:26.4912129Z' while content on disk has modification time of '0001-01-01T00:00:00Z'
  Import took 0.004309 seconds .

========================================================================
Received Import Request.
  Time since last request: 0.007666 seconds.
  path: Assets/swordPlay/fx/hit/SwingAnimation.anim
  artifactKey: Guid(a50396dadc828614a9ee0c193a218712) Importer(815301076,1909f56bfc062723c751e8b465ee728b)
Start importing Assets/swordPlay/fx/hit/SwingAnimation.anim using Guid(a50396dadc828614a9ee0c193a218712) Importer(815301076,1909f56bfc062723c751e8b465ee728b)  -> (artifact id: '00000000000000000000000000000000') in 0.000358 seconds
  ERROR: Build asset version error: assets/swordplay/fx/hit/swinganimation.anim in SourceAssetDB has modification time of '2021-10-29T16:21:26.4912129Z' while content on disk has modification time of '0001-01-01T00:00:00Z'
  Import took 0.002303 seconds .

========================================================================
Received Import Request.
  Time since last request: 0.030496 seconds.
  path: Assets/swordPlay/fx/hit/SwingAnimation.anim
  artifactKey: Guid(a50396dadc828614a9ee0c193a218712) Importer(815301076,1909f56bfc062723c751e8b465ee728b)
Start importing Assets/swordPlay/fx/hit/SwingAnimation.anim using Guid(a50396dadc828614a9ee0c193a218712) Importer(815301076,1909f56bfc062723c751e8b465ee728b)  -> (artifact id: '00000000000000000000000000000000') in 0.000375 seconds
  ERROR: Build asset version error: assets/swordplay/fx/hit/swinganimation.anim in SourceAssetDB has modification time of '2021-10-29T16:21:26.4912129Z' while content on disk has modification time of '0001-01-01T00:00:00Z'
  Import took 0.002469 seconds .

========================================================================
Received Import Request.
  Time since last request: 0.001212 seconds.
  path: Assets/swordPlay/fx/hit/SwingAnimation.anim
  artifactKey: Guid(a50396dadc828614a9ee0c193a218712) Importer(815301076,1909f56bfc062723c751e8b465ee728b)
Start importing Assets/swordPlay/fx/hit/SwingAnimation.anim using Guid(a50396dadc828614a9ee0c193a218712) Importer(815301076,1909f56bfc062723c751e8b465ee728b)  -> (artifact id: '00000000000000000000000000000000') in 0.000386 seconds
  ERROR: Build asset version error: assets/swordplay/fx/hit/swinganimation.anim in SourceAssetDB has modification time of '2021-10-29T16:21:26.4912129Z' while content on disk has modification time of '0001-01-01T00:00:00Z'
  Import took 0.002001 seconds .

========================================================================
Received Import Request.
  Time since last request: 0.030916 seconds.
  path: Assets/swordPlay/fx/hit/SwingAnimation.anim
  artifactKey: Guid(a50396dadc828614a9ee0c193a218712) Importer(815301076,1909f56bfc062723c751e8b465ee728b)
Start importing Assets/swordPlay/fx/hit/SwingAnimation.anim using Guid(a50396dadc828614a9ee0c193a218712) Importer(815301076,1909f56bfc062723c751e8b465ee728b)  -> (artifact id: '00000000000000000000000000000000') in 0.000350 seconds
  ERROR: Build asset version error: assets/swordplay/fx/hit/swinganimation.anim in SourceAssetDB has modification time of '2021-10-29T16:21:26.4912129Z' while content on disk has modification time of '0001-01-01T00:00:00Z'
  Import took 0.002582 seconds .

========================================================================
Received Import Request.
  Time since last request: 0.027999 seconds.
  path: Assets/swordPlay/fx/hit/SwingAnimation.anim
  artifactKey: Guid(a50396dadc828614a9ee0c193a218712) Importer(815301076,1909f56bfc062723c751e8b465ee728b)
Start importing Assets/swordPlay/fx/hit/SwingAnimation.anim using Guid(a50396dadc828614a9ee0c193a218712) Importer(815301076,1909f56bfc062723c751e8b465ee728b)  -> (artifact id: '00000000000000000000000000000000') in 0.000329 seconds
  ERROR: Build asset version error: assets/swordplay/fx/hit/swinganimation.anim in SourceAssetDB has modification time of '2021-10-29T16:21:26.4912129Z' while content on disk has modification time of '0001-01-01T00:00:00Z'
  Import took 0.002826 seconds .

========================================================================
Received Import Request.
  Time since last request: 0.025138 seconds.
  path: Assets/swordPlay/fx/hit/SwingAnimation.anim
  artifactKey: Guid(a50396dadc828614a9ee0c193a218712) Importer(815301076,1909f56bfc062723c751e8b465ee728b)
Start importing Assets/swordPlay/fx/hit/SwingAnimation.anim using Guid(a50396dadc828614a9ee0c193a218712) Importer(815301076,1909f56bfc062723c751e8b465ee728b)  -> (artifact id: '00000000000000000000000000000000') in 0.000320 seconds
  ERROR: Build asset version error: assets/swordplay/fx/hit/swinganimation.anim in SourceAssetDB has modification time of '2021-10-29T16:21:26.4912129Z' while content on disk has modification time of '0001-01-01T00:00:00Z'
  Import took 0.002068 seconds .

========================================================================
Received Import Request.
  Time since last request: 0.030814 seconds.
  path: Assets/swordPlay/fx/hit/SwingAnimation.anim
  artifactKey: Guid(a50396dadc828614a9ee0c193a218712) Importer(815301076,1909f56bfc062723c751e8b465ee728b)
Start importing Assets/swordPlay/fx/hit/SwingAnimation.anim using Guid(a50396dadc828614a9ee0c193a218712) Importer(815301076,1909f56bfc062723c751e8b465ee728b)  -> (artifact id: '00000000000000000000000000000000') in 0.000348 seconds
  ERROR: Build asset version error: assets/swordplay/fx/hit/swinganimation.anim in SourceAssetDB has modification time of '2021-10-29T16:21:26.4912129Z' while content on disk has modification time of '0001-01-01T00:00:00Z'
  Import took 0.002246 seconds .

========================================================================
Received Import Request.
  Time since last request: 0.026188 seconds.
  path: Assets/swordPlay/fx/hit/SwingAnimation.anim
  artifactKey: Guid(a50396dadc828614a9ee0c193a218712) Importer(815301076,1909f56bfc062723c751e8b465ee728b)
Start importing Assets/swordPlay/fx/hit/SwingAnimation.anim using Guid(a50396dadc828614a9ee0c193a218712) Importer(815301076,1909f56bfc062723c751e8b465ee728b)  -> (artifact id: '00000000000000000000000000000000') in 0.000478 seconds
  ERROR: Build asset version error: assets/swordplay/fx/hit/swinganimation.anim in SourceAssetDB has modification time of '2021-10-29T16:21:26.4912129Z' while content on disk has modification time of '0001-01-01T00:00:00Z'
  Import took 0.003003 seconds .

========================================================================
Received Import Request.
  Time since last request: 0.029482 seconds.
  path: Assets/swordPlay/fx/hit/SwingAnimation.anim
  artifactKey: Guid(a50396dadc828614a9ee0c193a218712) Importer(815301076,1909f56bfc062723c751e8b465ee728b)
Start importing Assets/swordPlay/fx/hit/SwingAnimation.anim using Guid(a50396dadc828614a9ee0c193a218712) Importer(815301076,1909f56bfc062723c751e8b465ee728b)  -> (artifact id: '00000000000000000000000000000000') in 0.000331 seconds
  ERROR: Build asset version error: assets/swordplay/fx/hit/swinganimation.anim in SourceAssetDB has modification time of '2021-10-29T16:21:26.4912129Z' while content on disk has modification time of '0001-01-01T00:00:00Z'
  Import took 0.001967 seconds .

========================================================================
Received Import Request.
  Time since last request: 0.026327 seconds.
  path: Assets/swordPlay/fx/hit/SwingAnimation.anim
  artifactKey: Guid(a50396dadc828614a9ee0c193a218712) Importer(815301076,1909f56bfc062723c751e8b465ee728b)
Start importing Assets/swordPlay/fx/hit/SwingAnimation.anim using Guid(a50396dadc828614a9ee0c193a218712) Importer(815301076,1909f56bfc062723c751e8b465ee728b)  -> (artifact id: '00000000000000000000000000000000') in 0.000317 seconds
  ERROR: Build asset version error: assets/swordplay/fx/hit/swinganimation.anim in SourceAssetDB has modification time of '2021-10-29T16:21:26.4912129Z' while content on disk has modification time of '0001-01-01T00:00:00Z'
  Import took 0.001993 seconds .

========================================================================
Received Import Request.
  Time since last request: 0.027854 seconds.
  path: Assets/swordPlay/fx/hit/SwingAnimation.anim
  artifactKey: Guid(a50396dadc828614a9ee0c193a218712) Importer(815301076,1909f56bfc062723c751e8b465ee728b)
Start importing Assets/swordPlay/fx/hit/SwingAnimation.anim using Guid(a50396dadc828614a9ee0c193a218712) Importer(815301076,1909f56bfc062723c751e8b465ee728b)  -> (artifact id: '00000000000000000000000000000000') in 0.000346 seconds
  ERROR: Build asset version error: assets/swordplay/fx/hit/swinganimation.anim in SourceAssetDB has modification time of '2021-10-29T16:21:26.4912129Z' while content on disk has modification time of '0001-01-01T00:00:00Z'
  Import took 0.001935 seconds .

========================================================================
Received Import Request.
  Time since last request: 0.031107 seconds.
  path: Assets/swordPlay/fx/hit/SwingAnimation.anim
  artifactKey: Guid(a50396dadc828614a9ee0c193a218712) Importer(815301076,1909f56bfc062723c751e8b465ee728b)
Start importing Assets/swordPlay/fx/hit/SwingAnimation.anim using Guid(a50396dadc828614a9ee0c193a218712) Importer(815301076,1909f56bfc062723c751e8b465ee728b)  -> (artifact id: '00000000000000000000000000000000') in 0.000320 seconds
  ERROR: Build asset version error: assets/swordplay/fx/hit/swinganimation.anim in SourceAssetDB has modification time of '2021-10-29T16:21:26.4912129Z' while content on disk has modification time of '0001-01-01T00:00:00Z'
  Import took 0.001953 seconds .

========================================================================
Received Import Request.
  Time since last request: 0.044931 seconds.
  path: Assets/swordPlay/fx/hit/SwingAnimation.anim
  artifactKey: Guid(a50396dadc828614a9ee0c193a218712) Importer(815301076,1909f56bfc062723c751e8b465ee728b)
Start importing Assets/swordPlay/fx/hit/SwingAnimation.anim using Guid(a50396dadc828614a9ee0c193a218712) Importer(815301076,1909f56bfc062723c751e8b465ee728b)  -> (artifact id: '00000000000000000000000000000000') in 0.000371 seconds
  ERROR: Build asset version error: assets/swordplay/fx/hit/swinganimation.anim in SourceAssetDB has modification time of '2021-10-29T16:21:26.4912129Z' while content on disk has modification time of '0001-01-01T00:00:00Z'
  Import took 0.002670 seconds .

========================================================================
Received Import Request.
  Time since last request: 0.028557 seconds.
  path: Assets/swordPlay/fx/hit/SwingAnimation.anim
  artifactKey: Guid(a50396dadc828614a9ee0c193a218712) Importer(815301076,1909f56bfc062723c751e8b465ee728b)
Start importing Assets/swordPlay/fx/hit/SwingAnimation.anim using Guid(a50396dadc828614a9ee0c193a218712) Importer(815301076,1909f56bfc062723c751e8b465ee728b)  -> (artifact id: '00000000000000000000000000000000') in 0.000501 seconds
  ERROR: Build asset version error: assets/swordplay/fx/hit/swinganimation.anim in SourceAssetDB has modification time of '2021-10-29T16:21:26.4912129Z' while content on disk has modification time of '0001-01-01T00:00:00Z'
  Import took 0.002692 seconds .

========================================================================
Received Import Request.
  Time since last request: 0.027035 seconds.
  path: Assets/swordPlay/fx/hit/SwingAnimation.anim
  artifactKey: Guid(a50396dadc828614a9ee0c193a218712) Importer(815301076,1909f56bfc062723c751e8b465ee728b)
Start importing Assets/swordPlay/fx/hit/SwingAnimation.anim using Guid(a50396dadc828614a9ee0c193a218712) Importer(815301076,1909f56bfc062723c751e8b465ee728b)  -> (artifact id: '00000000000000000000000000000000') in 0.000308 seconds
  ERROR: Build asset version error: assets/swordplay/fx/hit/swinganimation.anim in SourceAssetDB has modification time of '2021-10-29T16:21:26.4912129Z' while content on disk has modification time of '0001-01-01T00:00:00Z'
  Import took 0.001974 seconds .

========================================================================
Received Import Request.
  Time since last request: 0.029931 seconds.
  path: Assets/swordPlay/fx/hit/SwingAnimation.anim
  artifactKey: Guid(a50396dadc828614a9ee0c193a218712) Importer(815301076,1909f56bfc062723c751e8b465ee728b)
Start importing Assets/swordPlay/fx/hit/SwingAnimation.anim using Guid(a50396dadc828614a9ee0c193a218712) Importer(815301076,1909f56bfc062723c751e8b465ee728b)  -> (artifact id: '00000000000000000000000000000000') in 0.000307 seconds
  ERROR: Build asset version error: assets/swordplay/fx/hit/swinganimation.anim in SourceAssetDB has modification time of '2021-10-29T16:21:26.4912129Z' while content on disk has modification time of '0001-01-01T00:00:00Z'
  Import took 0.002008 seconds .

========================================================================
Received Import Request.
  Time since last request: 0.027946 seconds.
  path: Assets/swordPlay/fx/hit/SwingAnimation.anim
  artifactKey: Guid(a50396dadc828614a9ee0c193a218712) Importer(815301076,1909f56bfc062723c751e8b465ee728b)
Start importing Assets/swordPlay/fx/hit/SwingAnimation.anim using Guid(a50396dadc828614a9ee0c193a218712) Importer(815301076,1909f56bfc062723c751e8b465ee728b)  -> (artifact id: '00000000000000000000000000000000') in 0.000398 seconds
  ERROR: Build asset version error: assets/swordplay/fx/hit/swinganimation.anim in SourceAssetDB has modification time of '2021-10-29T16:21:26.4912129Z' while content on disk has modification time of '0001-01-01T00:00:00Z'
  Import took 0.002090 seconds .

========================================================================
Received Import Request.
  Time since last request: 0.028335 seconds.
  path: Assets/swordPlay/fx/hit/SwingAnimation.anim
  artifactKey: Guid(a50396dadc828614a9ee0c193a218712) Importer(815301076,1909f56bfc062723c751e8b465ee728b)
Start importing Assets/swordPlay/fx/hit/SwingAnimation.anim using Guid(a50396dadc828614a9ee0c193a218712) Importer(815301076,1909f56bfc062723c751e8b465ee728b)  -> (artifact id: '00000000000000000000000000000000') in 0.000362 seconds
  ERROR: Build asset version error: assets/swordplay/fx/hit/swinganimation.anim in SourceAssetDB has modification time of '2021-10-29T16:21:26.4912129Z' while content on disk has modification time of '0001-01-01T00:00:00Z'
  Import took 0.002355 seconds .

========================================================================
Received Import Request.
  Time since last request: 0.030145 seconds.
  path: Assets/swordPlay/fx/hit/SwingAnimation.anim
  artifactKey: Guid(a50396dadc828614a9ee0c193a218712) Importer(815301076,1909f56bfc062723c751e8b465ee728b)
Start importing Assets/swordPlay/fx/hit/SwingAnimation.anim using Guid(a50396dadc828614a9ee0c193a218712) Importer(815301076,1909f56bfc062723c751e8b465ee728b)  -> (artifact id: '00000000000000000000000000000000') in 0.000322 seconds
  ERROR: Build asset version error: assets/swordplay/fx/hit/swinganimation.anim in SourceAssetDB has modification time of '2021-10-29T16:21:26.4912129Z' while content on disk has modification time of '0001-01-01T00:00:00Z'
  Import took 0.002026 seconds .

========================================================================
Received Import Request.
  Time since last request: 0.028366 seconds.
  path: Assets/swordPlay/fx/hit/SwingAnimation.anim
  artifactKey: Guid(a50396dadc828614a9ee0c193a218712) Importer(815301076,1909f56bfc062723c751e8b465ee728b)
Start importing Assets/swordPlay/fx/hit/SwingAnimation.anim using Guid(a50396dadc828614a9ee0c193a218712) Importer(815301076,1909f56bfc062723c751e8b465ee728b)  -> (artifact id: '00000000000000000000000000000000') in 0.000326 seconds
  ERROR: Build asset version error: assets/swordplay/fx/hit/swinganimation.anim in SourceAssetDB has modification time of '2021-10-29T16:21:26.4912129Z' while content on disk has modification time of '0001-01-01T00:00:00Z'
  Import took 0.002328 seconds .

========================================================================
Received Prepare
Registering precompiled user dll's ...
Registered in 0.000576 seconds.
Begin MonoManager ReloadAssembly
Native extension for WindowsStandalone target not found
Native extension for WebGL target not found
Refreshing native plugins compatible for Editor in 0.22 ms, found 0 plugins.
Preloading 0 native plugins for Editor in 0.00 ms.
Mono: successfully reloaded assembly
- Completed reload, in  0.679 seconds
Platform modules already initialized, skipping
Refreshing native plugins compatible for Editor in 0.24 ms, found 0 plugins.
Preloading 0 native plugins for Editor in 0.00 ms.
Unloading 1154 Unused Serialized files (Serialized files now loaded: 0)
System memory in use before: 62.0 MB.
System memory in use after: 62.1 MB.

Unloading 5 unused Assets to reduce memory usage. Loaded Objects now: 1649.
Total: 1.613600 ms (FindLiveObjects: 0.161400 ms CreateObjectMapping: 0.038000 ms MarkObjects: 1.361900 ms  DeleteObjects: 0.050400 ms)

========================================================================
Received Import Request.
  Time since last request: 75.842601 seconds.
  path: Assets/environment-20211019T190817Z-001/environment/drive-download-20211020T102844Z-001/drive-download-20211020T103000Z-001/Materials/Copy of T_ColorAtlas_Weapon_Gun_03b.mat
  artifactKey: Guid(a5c3e34dd86ae684e81ba6eabf44bb75) Importer(815301076,1909f56bfc062723c751e8b465ee728b)
Start importing Assets/environment-20211019T190817Z-001/environment/drive-download-20211020T102844Z-001/drive-download-20211020T103000Z-001/Materials/Copy of T_ColorAtlas_Weapon_Gun_03b.mat using Guid(a5c3e34dd86ae684e81ba6eabf44bb75) Importer(815301076,1909f56bfc062723c751e8b465ee728b)  -> (artifact id: 'ecde05732016152a8702c236dff1bbc3') in 0.103070 seconds
  Import took 0.105624 seconds .

========================================================================
Received Import Request.
  Time since last request: 1.127500 seconds.
  path: Assets/Materials/WeaponAnimation2.anim
  artifactKey: Guid(58a11c95a2ea737469b0d932be672e23) Importer(815301076,1909f56bfc062723c751e8b465ee728b)
Start importing Assets/Materials/WeaponAnimation2.anim using Guid(58a11c95a2ea737469b0d932be672e23) Importer(815301076,1909f56bfc062723c751e8b465ee728b)  -> (artifact id: '98ff88b26c9caba6b6ea748effbc0293') in 0.047814 seconds
  Import took 0.050080 seconds .

========================================================================
Received Prepare
Registering precompiled user dll's ...
Registered in 0.000771 seconds.
Begin MonoManager ReloadAssembly
Native extension for WindowsStandalone target not found
Native extension for WebGL target not found
Refreshing native plugins compatible for Editor in 0.23 ms, found 0 plugins.
Preloading 0 native plugins for Editor in 0.00 ms.
Mono: successfully reloaded assembly
- Completed reload, in  0.675 seconds
Platform modules already initialized, skipping
Refreshing native plugins compatible for Editor in 0.22 ms, found 0 plugins.
Preloading 0 native plugins for Editor in 0.00 ms.
Unloading 1154 Unused Serialized files (Serialized files now loaded: 0)
System memory in use before: 62.1 MB.
System memory in use after: 62.1 MB.

Unloading 5 unused Assets to reduce memory usage. Loaded Objects now: 1653.
Total: 2.246400 ms (FindLiveObjects: 0.187300 ms CreateObjectMapping: 0.048600 ms MarkObjects: 1.956100 ms  DeleteObjects: 0.052500 ms)

========================================================================
Received Prepare
Registering precompiled user dll's ...
Registered in 0.000555 seconds.
Begin MonoManager ReloadAssembly
Native extension for WindowsStandalone target not found
Native extension for WebGL target not found
Refreshing native plugins compatible for Editor in 0.22 ms, found 0 plugins.
Preloading 0 native plugins for Editor in 0.00 ms.
Mono: successfully reloaded assembly
- Completed reload, in  0.659 seconds
Platform modules already initialized, skipping
Refreshing native plugins compatible for Editor in 0.23 ms, found 0 plugins.
Preloading 0 native plugins for Editor in 0.00 ms.
Unloading 1154 Unused Serialized files (Serialized files now loaded: 0)
System memory in use before: 62.1 MB.
System memory in use after: 62.1 MB.

Unloading 5 unused Assets to reduce memory usage. Loaded Objects now: 1656.
Total: 1.696000 ms (FindLiveObjects: 0.158800 ms CreateObjectMapping: 0.025700 ms MarkObjects: 1.451400 ms  DeleteObjects: 0.058700 ms)

========================================================================
Received Import Request.
  Time since last request: 74.221388 seconds.
  path: Assets/Animations/Copy of SM_Weapon_Sword_01b.controller
  artifactKey: Guid(a6023f2cac8f10c418a435600594022e) Importer(815301076,1909f56bfc062723c751e8b465ee728b)
Start importing Assets/Animations/Copy of SM_Weapon_Sword_01b.controller using Guid(a6023f2cac8f10c418a435600594022e) Importer(815301076,1909f56bfc062723c751e8b465ee728b)  -> (artifact id: '8b45bebf3e52b46520e27da1ac5eebc4') in 0.054187 seconds
  Import took 0.057177 seconds .

========================================================================
Received Import Request.
  Time since last request: 0.003742 seconds.
  path: Assets/Animations/Copy of SM_Weapon_Sword_01b.controller
  artifactKey: Guid(a6023f2cac8f10c418a435600594022e) Importer(815301076,1909f56bfc062723c751e8b465ee728b)
Start importing Assets/Animations/Copy of SM_Weapon_Sword_01b.controller using Guid(a6023f2cac8f10c418a435600594022e) Importer(815301076,1909f56bfc062723c751e8b465ee728b)  -> (artifact id: '8b45bebf3e52b46520e27da1ac5eebc4') in 0.004394 seconds
  Import took 0.006961 seconds .

========================================================================
Received Prepare
Registering precompiled user dll's ...
Registered in 0.000608 seconds.
Begin MonoManager ReloadAssembly
Native extension for WindowsStandalone target not found
Native extension for WebGL target not found
Refreshing native plugins compatible for Editor in 0.21 ms, found 0 plugins.
Preloading 0 native plugins for Editor in 0.00 ms.
Mono: successfully reloaded assembly
- Completed reload, in  0.667 seconds
Platform modules already initialized, skipping
Refreshing native plugins compatible for Editor in 0.22 ms, found 0 plugins.
Preloading 0 native plugins for Editor in 0.00 ms.
Unloading 1154 Unused Serialized files (Serialized files now loaded: 0)
System memory in use before: 62.1 MB.
System memory in use after: 62.2 MB.

Unloading 5 unused Assets to reduce memory usage. Loaded Objects now: 1659.
Total: 2.293400 ms (FindLiveObjects: 0.183300 ms CreateObjectMapping: 0.048500 ms MarkObjects: 2.007500 ms  DeleteObjects: 0.052600 ms)

========================================================================
Received Prepare
Registering precompiled user dll's ...
Registered in 0.000584 seconds.
Begin MonoManager ReloadAssembly
Native extension for WindowsStandalone target not found
Native extension for WebGL target not found
Refreshing native plugins compatible for Editor in 0.24 ms, found 0 plugins.
Preloading 0 native plugins for Editor in 0.00 ms.
Mono: successfully reloaded assembly
- Completed reload, in  0.687 seconds
Platform modules already initialized, skipping
Refreshing native plugins compatible for Editor in 0.22 ms, found 0 plugins.
Preloading 0 native plugins for Editor in 0.00 ms.
Unloading 1154 Unused Serialized files (Serialized files now loaded: 0)
System memory in use before: 62.1 MB.
System memory in use after: 62.2 MB.

Unloading 5 unused Assets to reduce memory usage. Loaded Objects now: 1662.
Total: 2.222200 ms (FindLiveObjects: 0.141500 ms CreateObjectMapping: 0.026500 ms MarkObjects: 1.982600 ms  DeleteObjects: 0.069900 ms)

========================================================================
Received Prepare
Registering precompiled user dll's ...
Registered in 0.000589 seconds.
Begin MonoManager ReloadAssembly
Native extension for WindowsStandalone target not found
Native extension for WebGL target not found
Refreshing native plugins compatible for Editor in 0.24 ms, found 0 plugins.
Preloading 0 native plugins for Editor in 0.00 ms.
Mono: successfully reloaded assembly
- Completed reload, in  0.673 seconds
Platform modules already initialized, skipping
Refreshing native plugins compatible for Editor in 0.22 ms, found 0 plugins.
Preloading 0 native plugins for Editor in 0.00 ms.
Unloading 1154 Unused Serialized files (Serialized files now loaded: 0)
System memory in use before: 62.1 MB.
System memory in use after: 62.2 MB.

Unloading 5 unused Assets to reduce memory usage. Loaded Objects now: 1665.
Total: 1.893600 ms (FindLiveObjects: 0.139500 ms CreateObjectMapping: 0.026400 ms MarkObjects: 1.676900 ms  DeleteObjects: 0.049200 ms)

========================================================================
Received Prepare
Registering precompiled user dll's ...
Registered in 0.000585 seconds.
Begin MonoManager ReloadAssembly
Native extension for WindowsStandalone target not found
Native extension for WebGL target not found
Refreshing native plugins compatible for Editor in 0.22 ms, found 0 plugins.
Preloading 0 native plugins for Editor in 0.00 ms.
Mono: successfully reloaded assembly
- Completed reload, in  0.690 seconds
Platform modules already initialized, skipping
Refreshing native plugins compatible for Editor in 0.21 ms, found 0 plugins.
Preloading 0 native plugins for Editor in 0.00 ms.
Unloading 1154 Unused Serialized files (Serialized files now loaded: 0)
System memory in use before: 62.1 MB.
System memory in use after: 62.2 MB.

Unloading 5 unused Assets to reduce memory usage. Loaded Objects now: 1668.
Total: 2.409200 ms (FindLiveObjects: 0.188500 ms CreateObjectMapping: 0.050400 ms MarkObjects: 2.115100 ms  DeleteObjects: 0.053900 ms)

========================================================================
Received Prepare
Registering precompiled user dll's ...
Registered in 0.000630 seconds.
Begin MonoManager ReloadAssembly
Native extension for WindowsStandalone target not found
Native extension for WebGL target not found
Refreshing native plugins compatible for Editor in 0.24 ms, found 0 plugins.
Preloading 0 native plugins for Editor in 0.00 ms.
Mono: successfully reloaded assembly
- Completed reload, in  0.661 seconds
Platform modules already initialized, skipping
Refreshing native plugins compatible for Editor in 0.25 ms, found 0 plugins.
Preloading 0 native plugins for Editor in 0.00 ms.
Unloading 1154 Unused Serialized files (Serialized files now loaded: 0)
System memory in use before: 62.1 MB.
System memory in use after: 62.2 MB.

Unloading 5 unused Assets to reduce memory usage. Loaded Objects now: 1671.
Total: 1.607500 ms (FindLiveObjects: 0.149700 ms CreateObjectMapping: 0.027000 ms MarkObjects: 1.373800 ms  DeleteObjects: 0.055300 ms)

========================================================================
Received Prepare
Registering precompiled user dll's ...
Registered in 0.000633 seconds.
Begin MonoManager ReloadAssembly
Native extension for WindowsStandalone target not found
Native extension for WebGL target not found
Refreshing native plugins compatible for Editor in 0.23 ms, found 0 plugins.
Preloading 0 native plugins for Editor in 0.00 ms.
Mono: successfully reloaded assembly
- Completed reload, in  0.699 seconds
Platform modules already initialized, skipping
Refreshing native plugins compatible for Editor in 0.21 ms, found 0 plugins.
Preloading 0 native plugins for Editor in 0.00 ms.
Unloading 1154 Unused Serialized files (Serialized files now loaded: 0)
System memory in use before: 62.1 MB.
System memory in use after: 62.2 MB.

Unloading 5 unused Assets to reduce memory usage. Loaded Objects now: 1674.
Total: 1.591800 ms (FindLiveObjects: 0.186300 ms CreateObjectMapping: 0.052000 ms MarkObjects: 1.303600 ms  DeleteObjects: 0.048300 ms)

========================================================================
Received Prepare
Registering precompiled user dll's ...
Registered in 0.000543 seconds.
Begin MonoManager ReloadAssembly
Native extension for WindowsStandalone target not found
Native extension for WebGL target not found
Refreshing native plugins compatible for Editor in 0.22 ms, found 0 plugins.
Preloading 0 native plugins for Editor in 0.00 ms.
Mono: successfully reloaded assembly
- Completed reload, in  0.695 seconds
Platform modules already initialized, skipping
Refreshing native plugins compatible for Editor in 0.22 ms, found 0 plugins.
Preloading 0 native plugins for Editor in 0.00 ms.
Unloading 1154 Unused Serialized files (Serialized files now loaded: 0)
System memory in use before: 62.1 MB.
System memory in use after: 62.2 MB.

Unloading 5 unused Assets to reduce memory usage. Loaded Objects now: 1677.
Total: 2.075200 ms (FindLiveObjects: 0.189800 ms CreateObjectMapping: 0.048700 ms MarkObjects: 1.784000 ms  DeleteObjects: 0.051200 ms)

========================================================================
Received Prepare
Registering precompiled user dll's ...
Registered in 0.000603 seconds.
Begin MonoManager ReloadAssembly
Native extension for WindowsStandalone target not found
Native extension for WebGL target not found
Refreshing native plugins compatible for Editor in 0.22 ms, found 0 plugins.
Preloading 0 native plugins for Editor in 0.00 ms.
Mono: successfully reloaded assembly
- Completed reload, in  0.672 seconds
Platform modules already initialized, skipping
Refreshing native plugins compatible for Editor in 0.27 ms, found 0 plugins.
Preloading 0 native plugins for Editor in 0.00 ms.
Unloading 1154 Unused Serialized files (Serialized files now loaded: 0)
System memory in use before: 62.1 MB.
System memory in use after: 62.2 MB.

Unloading 5 unused Assets to reduce memory usage. Loaded Objects now: 1680.
Total: 1.967200 ms (FindLiveObjects: 0.213200 ms CreateObjectMapping: 0.028700 ms MarkObjects: 1.660600 ms  DeleteObjects: 0.062100 ms)

========================================================================
Received Import Request.
  Time since last request: 1772.756101 seconds.
  path: Assets/Scripts/AnimationController.cs
  artifactKey: Guid(40e95042247b4b541a0bb90b4f293ce1) Importer(815301076,1909f56bfc062723c751e8b465ee728b)
Start importing Assets/Scripts/AnimationController.cs using Guid(40e95042247b4b541a0bb90b4f293ce1) Importer(815301076,1909f56bfc062723c751e8b465ee728b)  -> (artifact id: 'a1313ed5ba0f65584b45afb5624f1422') in 0.010179 seconds
  Import took 0.013718 seconds .

========================================================================
Received Import Request.
  Time since last request: 0.021789 seconds.
  path: Assets/Scripts/AnimationController.cs
  artifactKey: Guid(40e95042247b4b541a0bb90b4f293ce1) Importer(815301076,1909f56bfc062723c751e8b465ee728b)
Start importing Assets/Scripts/AnimationController.cs using Guid(40e95042247b4b541a0bb90b4f293ce1) Importer(815301076,1909f56bfc062723c751e8b465ee728b)  -> (artifact id: 'a1313ed5ba0f65584b45afb5624f1422') in 0.003390 seconds
  Import took 0.005493 seconds .

========================================================================
Received Prepare
Registering precompiled user dll's ...
Registered in 0.000602 seconds.
Begin MonoManager ReloadAssembly
Native extension for WindowsStandalone target not found
Native extension for WebGL target not found
Refreshing native plugins compatible for Editor in 0.23 ms, found 0 plugins.
Preloading 0 native plugins for Editor in 0.00 ms.
Mono: successfully reloaded assembly
- Completed reload, in  0.666 seconds
Platform modules already initialized, skipping
Refreshing native plugins compatible for Editor in 0.23 ms, found 0 plugins.
Preloading 0 native plugins for Editor in 0.00 ms.
Unloading 1154 Unused Serialized files (Serialized files now loaded: 0)
System memory in use before: 62.1 MB.
System memory in use after: 62.2 MB.

Unloading 5 unused Assets to reduce memory usage. Loaded Objects now: 1683.
Total: 1.859500 ms (FindLiveObjects: 0.137000 ms CreateObjectMapping: 0.026100 ms MarkObjects: 1.620800 ms  DeleteObjects: 0.074000 ms)

========================================================================
Received Import Request.
  Time since last request: 123.441744 seconds.
  path: Assets/Scripts/AnimationController.cs
  artifactKey: Guid(40e95042247b4b541a0bb90b4f293ce1) Importer(815301076,1909f56bfc062723c751e8b465ee728b)
Start importing Assets/Scripts/AnimationController.cs using Guid(40e95042247b4b541a0bb90b4f293ce1) Importer(815301076,1909f56bfc062723c751e8b465ee728b)  -> (artifact id: '69631bae06acd92e49edfbac19a69717') in 0.004062 seconds
  Import took 0.049383 seconds .

========================================================================
Received Prepare
Registering precompiled user dll's ...
Registered in 0.000600 seconds.
Begin MonoManager ReloadAssembly
Native extension for WindowsStandalone target not found
Native extension for WebGL target not found
Refreshing native plugins compatible for Editor in 0.22 ms, found 0 plugins.
Preloading 0 native plugins for Editor in 0.00 ms.
Mono: successfully reloaded assembly
- Completed reload, in  0.675 seconds
Platform modules already initialized, skipping
Refreshing native plugins compatible for Editor in 0.23 ms, found 0 plugins.
Preloading 0 native plugins for Editor in 0.00 ms.
Unloading 1154 Unused Serialized files (Serialized files now loaded: 0)
System memory in use before: 62.1 MB.
System memory in use after: 62.2 MB.

Unloading 5 unused Assets to reduce memory usage. Loaded Objects now: 1686.
Total: 1.580400 ms (FindLiveObjects: 0.154700 ms CreateObjectMapping: 0.025700 ms MarkObjects: 1.345800 ms  DeleteObjects: 0.052900 ms)

========================================================================
Received Import Request.
  Time since last request: 112.101071 seconds.
  path: Assets/swordPlay/Sword And Shield Attack 3.controller
  artifactKey: Guid(e85f6de197c85a64cb3ab70f078d223a) Importer(815301076,1909f56bfc062723c751e8b465ee728b)
Start importing Assets/swordPlay/Sword And Shield Attack 3.controller using Guid(e85f6de197c85a64cb3ab70f078d223a) Importer(815301076,1909f56bfc062723c751e8b465ee728b)  -> (artifact id: '7fd8500890d7f2147cd038c9c8baa520') in 0.033639 seconds
  Import took 0.035983 seconds .

========================================================================
Received Prepare
Registering precompiled user dll's ...
Registered in 0.000602 seconds.
Begin MonoManager ReloadAssembly
Native extension for WindowsStandalone target not found
Native extension for WebGL target not found
Refreshing native plugins compatible for Editor in 0.23 ms, found 0 plugins.
Preloading 0 native plugins for Editor in 0.00 ms.
Mono: successfully reloaded assembly
- Completed reload, in  0.713 seconds
Platform modules already initialized, skipping
Refreshing native plugins compatible for Editor in 0.29 ms, found 0 plugins.
Preloading 0 native plugins for Editor in 0.00 ms.
Unloading 1154 Unused Serialized files (Serialized files now loaded: 0)
System memory in use before: 62.1 MB.
System memory in use after: 62.2 MB.

Unloading 5 unused Assets to reduce memory usage. Loaded Objects now: 1689.
Total: 1.861900 ms (FindLiveObjects: 0.161500 ms CreateObjectMapping: 0.029700 ms MarkObjects: 1.609900 ms  DeleteObjects: 0.058700 ms)

========================================================================
Received Prepare
Registering precompiled user dll's ...
Registered in 0.000614 seconds.
Begin MonoManager ReloadAssembly
Native extension for WindowsStandalone target not found
Native extension for WebGL target not found
Refreshing native plugins compatible for Editor in 0.22 ms, found 0 plugins.
Preloading 0 native plugins for Editor in 0.00 ms.
Mono: successfully reloaded assembly
- Completed reload, in  0.673 seconds
Platform modules already initialized, skipping
Refreshing native plugins compatible for Editor in 0.24 ms, found 0 plugins.
Preloading 0 native plugins for Editor in 0.00 ms.
Unloading 1154 Unused Serialized files (Serialized files now loaded: 0)
System memory in use before: 62.1 MB.
System memory in use after: 62.2 MB.

Unloading 5 unused Assets to reduce memory usage. Loaded Objects now: 1692.
Total: 1.621400 ms (FindLiveObjects: 0.147400 ms CreateObjectMapping: 0.026800 ms MarkObjects: 1.387200 ms  DeleteObjects: 0.058700 ms)

========================================================================
Received Prepare
Registering precompiled user dll's ...
Registered in 0.000620 seconds.
Begin MonoManager ReloadAssembly
Native extension for WindowsStandalone target not found
Native extension for WebGL target not found
Refreshing native plugins compatible for Editor in 0.21 ms, found 0 plugins.
Preloading 0 native plugins for Editor in 0.00 ms.
Mono: successfully reloaded assembly
- Completed reload, in  0.682 seconds
Platform modules already initialized, skipping
Refreshing native plugins compatible for Editor in 0.31 ms, found 0 plugins.
Preloading 0 native plugins for Editor in 0.00 ms.
Unloading 1154 Unused Serialized files (Serialized files now loaded: 0)
System memory in use before: 62.2 MB.
System memory in use after: 62.2 MB.

Unloading 5 unused Assets to reduce memory usage. Loaded Objects now: 1695.
Total: 1.649100 ms (FindLiveObjects: 0.175300 ms CreateObjectMapping: 0.029700 ms MarkObjects: 1.389400 ms  DeleteObjects: 0.053400 ms)

========================================================================
Received Prepare
Registering precompiled user dll's ...
Registered in 0.000589 seconds.
Begin MonoManager ReloadAssembly
Native extension for WindowsStandalone target not found
Native extension for WebGL target not found
Refreshing native plugins compatible for Editor in 0.22 ms, found 0 plugins.
Preloading 0 native plugins for Editor in 0.00 ms.
Mono: successfully reloaded assembly
- Completed reload, in  0.681 seconds
Platform modules already initialized, skipping
Refreshing native plugins compatible for Editor in 0.22 ms, found 0 plugins.
Preloading 0 native plugins for Editor in 0.00 ms.
Unloading 1154 Unused Serialized files (Serialized files now loaded: 0)
System memory in use before: 62.2 MB.
System memory in use after: 62.2 MB.

Unloading 5 unused Assets to reduce memory usage. Loaded Objects now: 1698.
Total: 1.939100 ms (FindLiveObjects: 0.199100 ms CreateObjectMapping: 0.051200 ms MarkObjects: 1.635700 ms  DeleteObjects: 0.051500 ms)

========================================================================
Received Prepare
Registering precompiled user dll's ...
Registered in 0.000615 seconds.
Begin MonoManager ReloadAssembly
Native extension for WindowsStandalone target not found
Native extension for WebGL target not found
Refreshing native plugins compatible for Editor in 0.22 ms, found 0 plugins.
Preloading 0 native plugins for Editor in 0.00 ms.
Mono: successfully reloaded assembly
- Completed reload, in  0.680 seconds
Platform modules already initialized, skipping
Refreshing native plugins compatible for Editor in 0.22 ms, found 0 plugins.
Preloading 0 native plugins for Editor in 0.00 ms.
Unloading 1154 Unused Serialized files (Serialized files now loaded: 0)
System memory in use before: 62.2 MB.
System memory in use after: 62.2 MB.

Unloading 5 unused Assets to reduce memory usage. Loaded Objects now: 1701.
Total: 2.562500 ms (FindLiveObjects: 0.190000 ms CreateObjectMapping: 0.048800 ms MarkObjects: 2.269400 ms  DeleteObjects: 0.052600 ms)

========================================================================
Received Prepare
Registering precompiled user dll's ...
Registered in 0.000614 seconds.
Begin MonoManager ReloadAssembly
Native extension for WindowsStandalone target not found
Native extension for WebGL target not found
Refreshing native plugins compatible for Editor in 0.24 ms, found 0 plugins.
Preloading 0 native plugins for Editor in 0.00 ms.
Mono: successfully reloaded assembly
- Completed reload, in  0.673 seconds
Platform modules already initialized, skipping
Refreshing native plugins compatible for Editor in 0.21 ms, found 0 plugins.
Preloading 0 native plugins for Editor in 0.00 ms.
Unloading 1154 Unused Serialized files (Serialized files now loaded: 0)
System memory in use before: 62.2 MB.
System memory in use after: 62.2 MB.

Unloading 5 unused Assets to reduce memory usage. Loaded Objects now: 1704.
Total: 1.666400 ms (FindLiveObjects: 0.189300 ms CreateObjectMapping: 0.048400 ms MarkObjects: 1.374600 ms  DeleteObjects: 0.052600 ms)

========================================================================
Received Prepare
Registering precompiled user dll's ...
Registered in 0.000557 seconds.
Begin MonoManager ReloadAssembly
Native extension for WindowsStandalone target not found
Native extension for WebGL target not found
Refreshing native plugins compatible for Editor in 0.22 ms, found 0 plugins.
Preloading 0 native plugins for Editor in 0.00 ms.
Mono: successfully reloaded assembly
- Completed reload, in  0.664 seconds
Platform modules already initialized, skipping
Refreshing native plugins compatible for Editor in 0.30 ms, found 0 plugins.
Preloading 0 native plugins for Editor in 0.00 ms.
Unloading 1154 Unused Serialized files (Serialized files now loaded: 0)
System memory in use before: 62.2 MB.
System memory in use after: 62.3 MB.

Unloading 5 unused Assets to reduce memory usage. Loaded Objects now: 1707.
Total: 2.435300 ms (FindLiveObjects: 0.271300 ms CreateObjectMapping: 0.030500 ms MarkObjects: 2.050100 ms  DeleteObjects: 0.080700 ms)

========================================================================
Received Prepare
Registering precompiled user dll's ...
Registered in 0.000624 seconds.
Begin MonoManager ReloadAssembly
Native extension for WindowsStandalone target not found
Native extension for WebGL target not found
Refreshing native plugins compatible for Editor in 0.22 ms, found 0 plugins.
Preloading 0 native plugins for Editor in 0.00 ms.
Mono: successfully reloaded assembly
- Completed reload, in  0.668 seconds
Platform modules already initialized, skipping
Refreshing native plugins compatible for Editor in 0.24 ms, found 0 plugins.
Preloading 0 native plugins for Editor in 0.00 ms.
Unloading 1154 Unused Serialized files (Serialized files now loaded: 0)
System memory in use before: 62.2 MB.
System memory in use after: 62.3 MB.

Unloading 5 unused Assets to reduce memory usage. Loaded Objects now: 1710.
Total: 1.604400 ms (FindLiveObjects: 0.182400 ms CreateObjectMapping: 0.026100 ms MarkObjects: 1.340800 ms  DeleteObjects: 0.053300 ms)

========================================================================
Received Prepare
Registering precompiled user dll's ...
Registered in 0.000568 seconds.
Begin MonoManager ReloadAssembly
Native extension for WindowsStandalone target not found
Native extension for WebGL target not found
Refreshing native plugins compatible for Editor in 0.22 ms, found 0 plugins.
Preloading 0 native plugins for Editor in 0.00 ms.
Mono: successfully reloaded assembly
- Completed reload, in  0.673 seconds
Platform modules already initialized, skipping
Refreshing native plugins compatible for Editor in 0.22 ms, found 0 plugins.
Preloading 0 native plugins for Editor in 0.00 ms.
Unloading 1154 Unused Serialized files (Serialized files now loaded: 0)
System memory in use before: 62.2 MB.
System memory in use after: 62.3 MB.

Unloading 5 unused Assets to reduce memory usage. Loaded Objects now: 1713.
Total: 1.967800 ms (FindLiveObjects: 0.142900 ms CreateObjectMapping: 0.026600 ms MarkObjects: 1.748200 ms  DeleteObjects: 0.049100 ms)

========================================================================
Received Prepare
Registering precompiled user dll's ...
Registered in 0.000582 seconds.
Begin MonoManager ReloadAssembly
Native extension for WindowsStandalone target not found
Native extension for WebGL target not found
Refreshing native plugins compatible for Editor in 0.22 ms, found 0 plugins.
Preloading 0 native plugins for Editor in 0.00 ms.
Mono: successfully reloaded assembly
- Completed reload, in  0.703 seconds
Platform modules already initialized, skipping
Refreshing native plugins compatible for Editor in 0.22 ms, found 0 plugins.
Preloading 0 native plugins for Editor in 0.00 ms.
Unloading 1154 Unused Serialized files (Serialized files now loaded: 0)
System memory in use before: 62.2 MB.
System memory in use after: 62.3 MB.

Unloading 5 unused Assets to reduce memory usage. Loaded Objects now: 1716.
Total: 1.708600 ms (FindLiveObjects: 0.199700 ms CreateObjectMapping: 0.050300 ms MarkObjects: 1.409400 ms  DeleteObjects: 0.047800 ms)

========================================================================
Received Prepare
Registering precompiled user dll's ...
Registered in 0.000610 seconds.
Begin MonoManager ReloadAssembly
Native extension for WindowsStandalone target not found
Native extension for WebGL target not found
Refreshing native plugins compatible for Editor in 0.21 ms, found 0 plugins.
Preloading 0 native plugins for Editor in 0.00 ms.
Mono: successfully reloaded assembly
- Completed reload, in  0.674 seconds
Platform modules already initialized, skipping
Refreshing native plugins compatible for Editor in 0.22 ms, found 0 plugins.
Preloading 0 native plugins for Editor in 0.00 ms.
Unloading 1154 Unused Serialized files (Serialized files now loaded: 0)
System memory in use before: 62.2 MB.
System memory in use after: 62.3 MB.

Unloading 5 unused Assets to reduce memory usage. Loaded Objects now: 1719.
Total: 1.925400 ms (FindLiveObjects: 0.158500 ms CreateObjectMapping: 0.026500 ms MarkObjects: 1.662600 ms  DeleteObjects: 0.076400 ms)

AssetImportWorkerClient::OnTransportError - code=2 error=End of file
